Traceback (most recent call last):
  File "/usr/share/miniconda/envs/iot-dev/lib/python3.8/site-packages/jupyter_cache/executors/utils.py", line 51, in single_nb_execution
    executenb(
  File "/usr/share/miniconda/envs/iot-dev/lib/python3.8/site-packages/nbclient/client.py", line 1204, in execute
    return NotebookClient(nb=nb, resources=resources, km=km, **kwargs).execute()
  File "/usr/share/miniconda/envs/iot-dev/lib/python3.8/site-packages/nbclient/util.py", line 84, in wrapped
    return just_run(coro(*args, **kwargs))
  File "/usr/share/miniconda/envs/iot-dev/lib/python3.8/site-packages/nbclient/util.py", line 62, in just_run
    return loop.run_until_complete(coro)
  File "/usr/share/miniconda/envs/iot-dev/lib/python3.8/asyncio/base_events.py", line 616, in run_until_complete
    return future.result()
  File "/usr/share/miniconda/envs/iot-dev/lib/python3.8/site-packages/nbclient/client.py", line 663, in async_execute
    await self.async_execute_cell(
  File "/usr/share/miniconda/envs/iot-dev/lib/python3.8/site-packages/nbclient/client.py", line 965, in async_execute_cell
    await self._check_raise_for_error(cell, cell_index, exec_reply)
  File "/usr/share/miniconda/envs/iot-dev/lib/python3.8/site-packages/nbclient/client.py", line 862, in _check_raise_for_error
    raise CellExecutionError.from_cell_and_msg(cell, exec_reply_content)
nbclient.exceptions.CellExecutionError: An error occurred while executing the following cell:
------------------
iot1 = iot_comparison(
    policies=[
        "https://raw.githubusercontent.com/PSLmodels/examples/main/psl_examples/taxcalc/2017_law.json",
        "https://raw.githubusercontent.com/PSLmodels/examples/main/psl_examples/taxcalc/Biden2020.json",
    ],
    labels=["2017 Law", "Biden 2020"],
)
------------------

[0;31m---------------------------------------------------------------------------[0m
[0;31mIndexError[0m                                Traceback (most recent call last)
Input [0;32mIn [2][0m, in [0;36m<cell line: 1>[0;34m()[0m
[0;32m----> 1[0m iot1 [38;5;241m=[39m [43miot_comparison[49m[43m([49m
[1;32m      2[0m [43m    [49m[43mpolicies[49m[38;5;241;43m=[39;49m[43m[[49m
[1;32m      3[0m [43m        [49m[38;5;124;43m"[39;49m[38;5;124;43mhttps://raw.githubusercontent.com/PSLmodels/examples/main/psl_examples/taxcalc/2017_law.json[39;49m[38;5;124;43m"[39;49m[43m,[49m
[1;32m      4[0m [43m        [49m[38;5;124;43m"[39;49m[38;5;124;43mhttps://raw.githubusercontent.com/PSLmodels/examples/main/psl_examples/taxcalc/Biden2020.json[39;49m[38;5;124;43m"[39;49m[43m,[49m
[1;32m      5[0m [43m    [49m[43m][49m[43m,[49m
[1;32m      6[0m [43m    [49m[43mlabels[49m[38;5;241;43m=[39;49m[43m[[49m[38;5;124;43m"[39;49m[38;5;124;43m2017 Law[39;49m[38;5;124;43m"[39;49m[43m,[49m[43m [49m[38;5;124;43m"[39;49m[38;5;124;43mBiden 2020[39;49m[38;5;124;43m"[39;49m[43m][49m[43m,[49m
[1;32m      7[0m [43m)[49m

File [0;32m~/work/InverseOptimalTax/InverseOptimalTax/iot/iot_user.py:69[0m, in [0;36miot_comparison.__init__[0;34m(self, years, policies, labels, data, compare_default, mtr_wrt, income_measure, weight_var, inc_elast, bandwidth, lower_bound, upper_bound, dist_type, kde_bw, mtr_smoother)[0m
[1;32m     64[0m [38;5;28mself[39m[38;5;241m.[39mlabels [38;5;241m=[39m labels
[1;32m     66[0m [38;5;28;01mfor[39;00m i, v [38;5;129;01min[39;00m [38;5;28menumerate[39m(policies):
[1;32m     67[0m     df[38;5;241m.[39mappend(
[1;32m     68[0m         gen_microdata(
[0;32m---> 69[0m             year[38;5;241m=[39m[43myears[49m[43m[[49m[43mi[49m[43m][49m,
[1;32m     70[0m             data[38;5;241m=[39mdata,
[1;32m     71[0m             reform[38;5;241m=[39mv,
[1;32m     72[0m             mtr_wrt[38;5;241m=[39mmtr_wrt,
[1;32m     73[0m             income_measure[38;5;241m=[39mincome_measure,
[1;32m     74[0m             weight_var[38;5;241m=[39mweight_var,
[1;32m     75[0m         )
[1;32m     76[0m     )
[1;32m     77[0m [38;5;66;03m# create results for current law policy[39;00m
[1;32m     78[0m [38;5;28;01mif[39;00m compare_default:

[0;31mIndexError[0m: list index out of range
IndexError: list index out of range

